<?xml version="1.0" encoding="UTF-8"?>
<testng-results skipped="0" failed="0" ignored="0" total="1" passed="1">
  <reporter-output>
  </reporter-output>
  <suite name="Suite" duration-ms="14764" started-at="2020-02-13T04:34:56Z" finished-at="2020-02-13T04:35:11Z">
    <groups>
      <group name="cucumber">
        <method signature="AbstractTestNGCucumberTests.feature(cucumber.api.testng.CucumberFeatureWrapper)[pri:0, instance:Testrunner.runner@4439f31e]" name="feature" class="cucumber.api.testng.AbstractTestNGCucumberTests"/>
      </group> <!-- cucumber -->
    </groups>
    <test name="Test" duration-ms="14764" started-at="2020-02-13T04:34:56Z" finished-at="2020-02-13T04:35:11Z">
      <class name="Testrunner.runner">
        <test-method status="PASS" signature="setUpClass()[pri:0, instance:Testrunner.runner@4439f31e]" name="setUpClass" is-config="true" duration-ms="228" started-at="2020-02-13T04:34:56Z" finished-at="2020-02-13T04:34:56Z">
          <reporter-output>
          </reporter-output>
        </test-method> <!-- setUpClass -->
        <test-method status="PASS" signature="feature(cucumber.api.testng.CucumberFeatureWrapper)[pri:0, instance:Testrunner.runner@4439f31e]" name="feature" duration-ms="14430" started-at="2020-02-13T04:34:56Z" description="Runs Cucumber Feature" data-provider="features" finished-at="2020-02-13T04:35:11Z">
          <params>
            <param index="0">
              <value>
                <![CDATA[Place an Order in Demoborland site.]]>
              </value>
            </param>
          </params>
          <reporter-output>
          </reporter-output>
        </test-method> <!-- feature -->
        <test-method status="PASS" signature="tearDownClass()[pri:0, instance:Testrunner.runner@4439f31e]" name="tearDownClass" is-config="true" duration-ms="14" started-at="2020-02-13T04:35:11Z" finished-at="2020-02-13T04:35:11Z">
          <reporter-output>
          </reporter-output>
        </test-method> <!-- tearDownClass -->
      </class> <!-- Testrunner.runner -->
    </test> <!-- Test -->
  </suite> <!-- Suite -->
</testng-results>
